#-----------------------------------------------------------
# Vivado v2023.2 (64-bit)
# SW Build 4029153 on Fri Oct 13 20:14:34 MDT 2023
# IP Build 4028589 on Sat Oct 14 00:45:43 MDT 2023
# SharedData Build 4025554 on Tue Oct 10 17:18:54 MDT 2023
# Start of session at: Sun May 26 14:21:31 2024
# Process ID: 28532
# Current directory: C:/Users/csy/Desktop/Study/Logic2024/tetris/tetris
# Command line: vivado.exe -gui_launcher_event rodinguilauncherevent25696 C:\Users\csy\Desktop\Study\Logic2024\tetris\tetris\tetris.xpr
# Log file: C:/Users/csy/Desktop/Study/Logic2024/tetris/tetris/vivado.log
# Journal file: C:/Users/csy/Desktop/Study/Logic2024/tetris/tetris\vivado.jou
# Running On: LAPTOP-LCA5B7K9, OS: Windows, CPU Frequency: 2688 MHz, CPU Physical cores: 14, Host memory: 16858 MB
#-----------------------------------------------------------
start_gui
open_project C:/Users/csy/Desktop/Study/Logic2024/tetris/tetris/tetris.xpr
WARNING: [Board 49-26] cannot add Board Part xilinx.com:vek280_es:part0:1.0 available at D:/xilinx/Vivado/2023.2/data/xhub/boards/XilinxBoardStore/boards/Xilinx/vek280/es/rev_a/1.0/board.xml as part xcve2802-vsvh1760-2lp-e-s-es1 specified in board_part file is either invalid or not available
WARNING: [Board 49-26] cannot add Board Part xilinx.com:vek280_es:part0:1.1 available at D:/xilinx/Vivado/2023.2/data/xhub/boards/XilinxBoardStore/boards/Xilinx/vek280/es/rev_a/1.1/board.xml as part xcve2802-vsvh1760-2lp-e-s-es1 specified in board_part file is either invalid or not available
WARNING: [Board 49-26] cannot add Board Part xilinx.com:vek280_es_revb:part0:1.0 available at D:/xilinx/Vivado/2023.2/data/xhub/boards/XilinxBoardStore/boards/Xilinx/vek280/es/rev_b/1.0/board.xml as part xcve2802-vsvh1760-2mp-e-s-es1 specified in board_part file is either invalid or not available
WARNING: [Board 49-26] cannot add Board Part xilinx.com:vek280_es_revb:part0:1.1 available at D:/xilinx/Vivado/2023.2/data/xhub/boards/XilinxBoardStore/boards/Xilinx/vek280/es/rev_b/1.1/board.xml as part xcve2802-vsvh1760-2mp-e-s-es1 specified in board_part file is either invalid or not available
WARNING: [Board 49-26] cannot add Board Part xilinx.com:vhk158_es:part0:1.0 available at D:/xilinx/Vivado/2023.2/data/xhub/boards/XilinxBoardStore/boards/Xilinx/vhk158/es/1.0/board.xml as part xcvh1582-vsva3697-2mp-e-s-es1 specified in board_part file is either invalid or not available
WARNING: [Board 49-26] cannot add Board Part xilinx.com:vhk158_es:part0:1.1 available at D:/xilinx/Vivado/2023.2/data/xhub/boards/XilinxBoardStore/boards/Xilinx/vhk158/es/1.1/board.xml as part xcvh1582-vsva3697-2mp-e-s-es1 specified in board_part file is either invalid or not available
WARNING: [Board 49-26] cannot add Board Part xilinx.com:zcu208ld:part0:2.0 available at D:/xilinx/Vivado/2023.2/data/xhub/boards/XilinxBoardStore/boards/Xilinx/zcu208ld/production/2.0/board.xml as part xczu58dr-fsvg1517-2-i specified in board_part file is either invalid or not available
WARNING: [Board 49-26] cannot add Board Part xilinx.com:zcu216ld:part0:2.0 available at D:/xilinx/Vivado/2023.2/data/xhub/boards/XilinxBoardStore/boards/Xilinx/zcu216ld/production/2.0/board.xml as part xczu59dr-ffvf1760-2-i specified in board_part file is either invalid or not available
WARNING: [Board 49-26] cannot add Board Part xilinx.com:zcu670:part0:2.0 available at D:/xilinx/Vivado/2023.2/data/xhub/boards/XilinxBoardStore/boards/Xilinx/zcu670/2.0/board.xml as part xczu67dr-fsve1156-2-i specified in board_part file is either invalid or not available
WARNING: [Board 49-26] cannot add Board Part xilinx.com:zcu670ld:part0:1.0 available at D:/xilinx/Vivado/2023.2/data/xhub/boards/XilinxBoardStore/boards/Xilinx/zcu670ld/1.0/board.xml as part xczu57dr-fsve1156-2-i specified in board_part file is either invalid or not available
INFO: [filemgmt 56-3] Default IP Output Path : Could not find the directory 'C:/Users/csy/Desktop/Study/Logic2024/tetris/tetris/tetris.gen/sources_1'.
Scanning sources...
Finished scanning sources
INFO: [IP_Flow 19-234] Refreshing IP repositories
INFO: [IP_Flow 19-1704] No user IP repositories specified
INFO: [IP_Flow 19-2313] Loaded Vivado IP repository 'D:/xilinx/Vivado/2023.2/data/ip'.
open_project: Time (s): cpu = 00:00:03 ; elapsed = 00:00:07 . Memory (MB): peak = 1754.109 ; gain = 288.230
update_compile_order -fileset sources_1
close [ open C:/Users/csy/Desktop/Study/Logic2024/tetris/tetris/tetris.srcs/sources_1/new/PS2_Keyboard_Driver.v w ]
add_files C:/Users/csy/Desktop/Study/Logic2024/tetris/tetris/tetris.srcs/sources_1/new/PS2_Keyboard_Driver.v
update_compile_order -fileset sources_1
update_compile_order -fileset sources_1
update_compile_order -fileset sources_1
update_compile_order -fileset sources_1
update_compile_order -fileset sources_1
update_compile_order -fileset sources_1
update_compile_order -fileset sources_1
update_compile_order -fileset sources_1
update_compile_order -fileset sources_1
update_compile_order -fileset sources_1
update_compile_order -fileset sources_1
file mkdir C:/Users/csy/Desktop/Study/Logic2024/tetris/tetris/tetris.srcs/constrs_1
file mkdir C:/Users/csy/Desktop/Study/Logic2024/tetris/tetris/tetris.srcs/constrs_1/new
close [ open C:/Users/csy/Desktop/Study/Logic2024/tetris/tetris/tetris.srcs/constrs_1/new/constraint.xdc w ]
add_files -fileset constrs_1 C:/Users/csy/Desktop/Study/Logic2024/tetris/tetris/tetris.srcs/constrs_1/new/constraint.xdc
close [ open C:/Users/csy/Desktop/Study/Logic2024/tetris/tetris/tetris.srcs/sources_1/new/DispNum.v w ]
add_files C:/Users/csy/Desktop/Study/Logic2024/tetris/tetris/tetris.srcs/sources_1/new/DispNum.v
close [ open C:/Users/csy/Desktop/Study/Logic2024/tetris/tetris/tetris.srcs/sources_1/new/Mux4to1.v w ]
add_files C:/Users/csy/Desktop/Study/Logic2024/tetris/tetris/tetris.srcs/sources_1/new/Mux4to1.v
close [ open C:/Users/csy/Desktop/Study/Logic2024/tetris/tetris/tetris.srcs/sources_1/new/Enabler.v w ]
add_files C:/Users/csy/Desktop/Study/Logic2024/tetris/tetris/tetris.srcs/sources_1/new/Enabler.v
close [ open C:/Users/csy/Desktop/Study/Logic2024/tetris/tetris/tetris.srcs/sources_1/new/Mux4to1b4.v w ]
add_files C:/Users/csy/Desktop/Study/Logic2024/tetris/tetris/tetris.srcs/sources_1/new/Mux4to1b4.v
update_compile_order -fileset sources_1
WARNING: [filemgmt 56-199] Attempt to get parsing info during refresh. "On-the-fly" syntax checking information may be incorrect. [C:\Users\csy\Desktop\Study\Logic2024\tetris\tetris\tetris.srcs\sources_1\new\DispNum.v:]
WARNING: [filemgmt 56-199] Attempt to get parsing info during refresh. "On-the-fly" syntax checking information may be incorrect. [C:\Users\csy\Desktop\Study\Logic2024\tetris\tetris\tetris.srcs\sources_1\new\square_generator.v:]
ERROR: [Common 17-180] Spawn failed: No error
WARNING: [filemgmt 56-199] Attempt to get parsing info during refresh. "On-the-fly" syntax checking information may be incorrect. [C:\Users\csy\Desktop\Study\Logic2024\tetris\tetris\tetris.srcs\sources_1\new\DispNum.v:]
WARNING: [filemgmt 56-199] Attempt to get parsing info during refresh. "On-the-fly" syntax checking information may be incorrect. [C:\Users\csy\Desktop\Study\Logic2024\tetris\tetris\tetris.srcs\sources_1\new\square_generator.v:]
ERROR: [Common 17-180] Spawn failed: No error
WARNING: [filemgmt 56-199] Attempt to get parsing info during refresh. "On-the-fly" syntax checking information may be incorrect. [C:\Users\csy\Desktop\Study\Logic2024\tetris\tetris\tetris.srcs\sources_1\new\DispNum.v:]
WARNING: [filemgmt 56-199] Attempt to get parsing info during refresh. "On-the-fly" syntax checking information may be incorrect. [C:\Users\csy\Desktop\Study\Logic2024\tetris\tetris\tetris.srcs\sources_1\new\square_generator.v:]
ERROR: [Common 17-180] Spawn failed: No error
WARNING: [filemgmt 56-199] Attempt to get parsing info during refresh. "On-the-fly" syntax checking information may be incorrect. [C:\Users\csy\Desktop\Study\Logic2024\tetris\tetris\tetris.srcs\sources_1\new\DispNum.v:]
WARNING: [filemgmt 56-199] Attempt to get parsing info during refresh. "On-the-fly" syntax checking information may be incorrect. [C:\Users\csy\Desktop\Study\Logic2024\tetris\tetris\tetris.srcs\sources_1\new\square_generator.v:]
ERROR: [Common 17-180] Spawn failed: No error
update_compile_order -fileset sources_1
WARNING: [filemgmt 56-199] Attempt to get parsing info during refresh. "On-the-fly" syntax checking information may be incorrect. [C:\Users\csy\Desktop\Study\Logic2024\tetris\tetris\tetris.srcs\sources_1\new\DispNum.v:]
WARNING: [filemgmt 56-199] Attempt to get parsing info during refresh. "On-the-fly" syntax checking information may be incorrect. [C:\Users\csy\Desktop\Study\Logic2024\tetris\tetris\tetris.srcs\sources_1\new\square_generator.v:]
ERROR: [Common 17-180] Spawn failed: No error
WARNING: [filemgmt 56-199] Attempt to get parsing info during refresh. "On-the-fly" syntax checking information may be incorrect. [C:\Users\csy\Desktop\Study\Logic2024\tetris\tetris\tetris.srcs\sources_1\new\DispNum.v:]
WARNING: [filemgmt 56-199] Attempt to get parsing info during refresh. "On-the-fly" syntax checking information may be incorrect. [C:\Users\csy\Desktop\Study\Logic2024\tetris\tetris\tetris.srcs\sources_1\new\square_generator.v:]
ERROR: [Common 17-180] Spawn failed: No error
WARNING: [filemgmt 56-199] Attempt to get parsing info during refresh. "On-the-fly" syntax checking information may be incorrect. [C:\Users\csy\Desktop\Study\Logic2024\tetris\tetris\tetris.srcs\sources_1\new\DispNum.v:]
WARNING: [filemgmt 56-199] Attempt to get parsing info during refresh. "On-the-fly" syntax checking information may be incorrect. [C:\Users\csy\Desktop\Study\Logic2024\tetris\tetris\tetris.srcs\sources_1\new\square_generator.v:]
ERROR: [Common 17-180] Spawn failed: No error
WARNING: [filemgmt 56-199] Attempt to get parsing info during refresh. "On-the-fly" syntax checking information may be incorrect. [C:\Users\csy\Desktop\Study\Logic2024\tetris\tetris\tetris.srcs\sources_1\new\DispNum.v:]
WARNING: [filemgmt 56-199] Attempt to get parsing info during refresh. "On-the-fly" syntax checking information may be incorrect. [C:\Users\csy\Desktop\Study\Logic2024\tetris\tetris\tetris.srcs\sources_1\new\square_generator.v:]
ERROR: [Common 17-180] Spawn failed: No error
WARNING: [filemgmt 56-199] Attempt to get parsing info during refresh. "On-the-fly" syntax checking information may be incorrect. [C:\Users\csy\Desktop\Study\Logic2024\tetris\tetris\tetris.srcs\sources_1\new\DispNum.v:]
WARNING: [filemgmt 56-199] Attempt to get parsing info during refresh. "On-the-fly" syntax checking information may be incorrect. [C:\Users\csy\Desktop\Study\Logic2024\tetris\tetris\tetris.srcs\sources_1\new\square_generator.v:]
ERROR: [Common 17-180] Spawn failed: No error
WARNING: [filemgmt 56-199] Attempt to get parsing info during refresh. "On-the-fly" syntax checking information may be incorrect. [C:\Users\csy\Desktop\Study\Logic2024\tetris\tetris\tetris.srcs\sources_1\new\DispNum.v:]
WARNING: [filemgmt 56-199] Attempt to get parsing info during refresh. "On-the-fly" syntax checking information may be incorrect. [C:\Users\csy\Desktop\Study\Logic2024\tetris\tetris\tetris.srcs\sources_1\new\square_generator.v:]
ERROR: [Common 17-180] Spawn failed: No error
update_compile_order -fileset sources_1
WARNING: [filemgmt 56-199] Attempt to get parsing info during refresh. "On-the-fly" syntax checking information may be incorrect. [C:\Users\csy\Desktop\Study\Logic2024\tetris\tetris\tetris.srcs\sources_1\new\DispNum.v:]
WARNING: [filemgmt 56-199] Attempt to get parsing info during refresh. "On-the-fly" syntax checking information may be incorrect. [C:\Users\csy\Desktop\Study\Logic2024\tetris\tetris\tetris.srcs\sources_1\new\square_generator.v:]
ERROR: [Common 17-180] Spawn failed: No error
WARNING: [filemgmt 56-199] Attempt to get parsing info during refresh. "On-the-fly" syntax checking information may be incorrect. [C:\Users\csy\Desktop\Study\Logic2024\tetris\tetris\tetris.srcs\sources_1\new\DispNum.v:]
WARNING: [filemgmt 56-199] Attempt to get parsing info during refresh. "On-the-fly" syntax checking information may be incorrect. [C:\Users\csy\Desktop\Study\Logic2024\tetris\tetris\tetris.srcs\sources_1\new\square_generator.v:]
ERROR: [Common 17-180] Spawn failed: No error
WARNING: [filemgmt 56-199] Attempt to get parsing info during refresh. "On-the-fly" syntax checking information may be incorrect. [C:\Users\csy\Desktop\Study\Logic2024\tetris\tetris\tetris.srcs\sources_1\new\DispNum.v:]
WARNING: [filemgmt 56-199] Attempt to get parsing info during refresh. "On-the-fly" syntax checking information may be incorrect. [C:\Users\csy\Desktop\Study\Logic2024\tetris\tetris\tetris.srcs\sources_1\new\square_generator.v:]
ERROR: [Common 17-180] Spawn failed: No error
WARNING: [filemgmt 56-199] Attempt to get parsing info during refresh. "On-the-fly" syntax checking information may be incorrect. [C:\Users\csy\Desktop\Study\Logic2024\tetris\tetris\tetris.srcs\sources_1\new\DispNum.v:]
WARNING: [filemgmt 56-199] Attempt to get parsing info during refresh. "On-the-fly" syntax checking information may be incorrect. [C:\Users\csy\Desktop\Study\Logic2024\tetris\tetris\tetris.srcs\sources_1\new\square_generator.v:]
ERROR: [Common 17-180] Spawn failed: No error
WARNING: [filemgmt 56-199] Attempt to get parsing info during refresh. "On-the-fly" syntax checking information may be incorrect. [C:\Users\csy\Desktop\Study\Logic2024\tetris\tetris\tetris.srcs\sources_1\new\DispNum.v:]
WARNING: [filemgmt 56-199] Attempt to get parsing info during refresh. "On-the-fly" syntax checking information may be incorrect. [C:\Users\csy\Desktop\Study\Logic2024\tetris\tetris\tetris.srcs\sources_1\new\square_generator.v:]
ERROR: [Common 17-180] Spawn failed: No error
WARNING: [filemgmt 56-199] Attempt to get parsing info during refresh. "On-the-fly" syntax checking information may be incorrect. [C:\Users\csy\Desktop\Study\Logic2024\tetris\tetris\tetris.srcs\sources_1\new\DispNum.v:]
WARNING: [filemgmt 56-199] Attempt to get parsing info during refresh. "On-the-fly" syntax checking information may be incorrect. [C:\Users\csy\Desktop\Study\Logic2024\tetris\tetris\tetris.srcs\sources_1\new\square_generator.v:]
ERROR: [Common 17-180] Spawn failed: No error
WARNING: [filemgmt 56-199] Attempt to get parsing info during refresh. "On-the-fly" syntax checking information may be incorrect. [C:\Users\csy\Desktop\Study\Logic2024\tetris\tetris\tetris.srcs\sources_1\new\DispNum.v:]
WARNING: [filemgmt 56-199] Attempt to get parsing info during refresh. "On-the-fly" syntax checking information may be incorrect. [C:\Users\csy\Desktop\Study\Logic2024\tetris\tetris\tetris.srcs\sources_1\new\square_generator.v:]
ERROR: [Common 17-180] Spawn failed: No error
WARNING: [filemgmt 56-199] Attempt to get parsing info during refresh. "On-the-fly" syntax checking information may be incorrect. [C:\Users\csy\Desktop\Study\Logic2024\tetris\tetris\tetris.srcs\sources_1\new\DispNum.v:]
WARNING: [filemgmt 56-199] Attempt to get parsing info during refresh. "On-the-fly" syntax checking information may be incorrect. [C:\Users\csy\Desktop\Study\Logic2024\tetris\tetris\tetris.srcs\sources_1\new\square_generator.v:]
ERROR: [Common 17-180] Spawn failed: No error
WARNING: [filemgmt 56-199] Attempt to get parsing info during refresh. "On-the-fly" syntax checking information may be incorrect. [C:\Users\csy\Desktop\Study\Logic2024\tetris\tetris\tetris.srcs\sources_1\new\DispNum.v:]
WARNING: [filemgmt 56-199] Attempt to get parsing info during refresh. "On-the-fly" syntax checking information may be incorrect. [C:\Users\csy\Desktop\Study\Logic2024\tetris\tetris\tetris.srcs\sources_1\new\square_generator.v:]
ERROR: [Common 17-180] Spawn failed: No error
WARNING: [filemgmt 56-199] Attempt to get parsing info during refresh. "On-the-fly" syntax checking information may be incorrect. [C:\Users\csy\Desktop\Study\Logic2024\tetris\tetris\tetris.srcs\sources_1\new\DispNum.v:]
WARNING: [filemgmt 56-199] Attempt to get parsing info during refresh. "On-the-fly" syntax checking information may be incorrect. [C:\Users\csy\Desktop\Study\Logic2024\tetris\tetris\tetris.srcs\sources_1\new\square_generator.v:]
ERROR: [Common 17-180] Spawn failed: No error
WARNING: [filemgmt 56-199] Attempt to get parsing info during refresh. "On-the-fly" syntax checking information may be incorrect. [C:\Users\csy\Desktop\Study\Logic2024\tetris\tetris\tetris.srcs\sources_1\new\DispNum.v:]
WARNING: [filemgmt 56-199] Attempt to get parsing info during refresh. "On-the-fly" syntax checking information may be incorrect. [C:\Users\csy\Desktop\Study\Logic2024\tetris\tetris\tetris.srcs\sources_1\new\square_generator.v:]
ERROR: [Common 17-180] Spawn failed: No error
WARNING: [filemgmt 56-199] Attempt to get parsing info during refresh. "On-the-fly" syntax checking information may be incorrect. [C:\Users\csy\Desktop\Study\Logic2024\tetris\tetris\tetris.srcs\sources_1\new\DispNum.v:]
WARNING: [filemgmt 56-199] Attempt to get parsing info during refresh. "On-the-fly" syntax checking information may be incorrect. [C:\Users\csy\Desktop\Study\Logic2024\tetris\tetris\tetris.srcs\sources_1\new\square_generator.v:]
ERROR: [Common 17-180] Spawn failed: No error
WARNING: [filemgmt 56-199] Attempt to get parsing info during refresh. "On-the-fly" syntax checking information may be incorrect. [C:\Users\csy\Desktop\Study\Logic2024\tetris\tetris\tetris.srcs\sources_1\new\DispNum.v:]
WARNING: [filemgmt 56-199] Attempt to get parsing info during refresh. "On-the-fly" syntax checking information may be incorrect. [C:\Users\csy\Desktop\Study\Logic2024\tetris\tetris\tetris.srcs\sources_1\new\square_generator.v:]
ERROR: [Common 17-180] Spawn failed: No error
WARNING: [filemgmt 56-199] Attempt to get parsing info during refresh. "On-the-fly" syntax checking information may be incorrect. [C:\Users\csy\Desktop\Study\Logic2024\tetris\tetris\tetris.srcs\sources_1\new\DispNum.v:]
WARNING: [filemgmt 56-199] Attempt to get parsing info during refresh. "On-the-fly" syntax checking information may be incorrect. [C:\Users\csy\Desktop\Study\Logic2024\tetris\tetris\tetris.srcs\sources_1\new\square_generator.v:]
ERROR: [Common 17-180] Spawn failed: No error
WARNING: [filemgmt 56-199] Attempt to get parsing info during refresh. "On-the-fly" syntax checking information may be incorrect. [C:\Users\csy\Desktop\Study\Logic2024\tetris\tetris\tetris.srcs\sources_1\new\DispNum.v:]
WARNING: [filemgmt 56-199] Attempt to get parsing info during refresh. "On-the-fly" syntax checking information may be incorrect. [C:\Users\csy\Desktop\Study\Logic2024\tetris\tetris\tetris.srcs\sources_1\new\square_generator.v:]
ERROR: [Common 17-180] Spawn failed: No error
WARNING: [filemgmt 56-199] Attempt to get parsing info during refresh. "On-the-fly" syntax checking information may be incorrect. [C:\Users\csy\Desktop\Study\Logic2024\tetris\tetris\tetris.srcs\sources_1\new\DispNum.v:]
WARNING: [filemgmt 56-199] Attempt to get parsing info during refresh. "On-the-fly" syntax checking information may be incorrect. [C:\Users\csy\Desktop\Study\Logic2024\tetris\tetris\tetris.srcs\sources_1\new\square_generator.v:]
ERROR: [Common 17-180] Spawn failed: No error
close [ open C:/Users/csy/Desktop/Study/Logic2024/tetris/tetris/tetris.srcs/sources_1/new/MyMC14485.v w ]
add_files C:/Users/csy/Desktop/Study/Logic2024/tetris/tetris/tetris.srcs/sources_1/new/MyMC14485.v
WARNING: [filemgmt 56-199] Attempt to get parsing info during refresh. "On-the-fly" syntax checking information may be incorrect. [C:\Users\csy\Desktop\Study\Logic2024\tetris\tetris\tetris.srcs\sources_1\new\DispNum.v:]
WARNING: [filemgmt 56-199] Attempt to get parsing info during refresh. "On-the-fly" syntax checking information may be incorrect. [C:\Users\csy\Desktop\Study\Logic2024\tetris\tetris\tetris.srcs\sources_1\new\square_generator.v:]
ERROR: [Common 17-180] Spawn failed: No error
WARNING: [filemgmt 56-199] Attempt to get parsing info during refresh. "On-the-fly" syntax checking information may be incorrect. [C:\Users\csy\Desktop\Study\Logic2024\tetris\tetris\tetris.srcs\sources_1\new\DispNum.v:]
WARNING: [filemgmt 56-199] Attempt to get parsing info during refresh. "On-the-fly" syntax checking information may be incorrect. [C:\Users\csy\Desktop\Study\Logic2024\tetris\tetris\tetris.srcs\sources_1\new\square_generator.v:]
ERROR: [Common 17-180] Spawn failed: No error
update_compile_order -fileset sources_1
WARNING: [filemgmt 56-199] Attempt to get parsing info during refresh. "On-the-fly" syntax checking information may be incorrect. [C:\Users\csy\Desktop\Study\Logic2024\tetris\tetris\tetris.srcs\sources_1\new\DispNum.v:]
WARNING: [filemgmt 56-199] Attempt to get parsing info during refresh. "On-the-fly" syntax checking information may be incorrect. [C:\Users\csy\Desktop\Study\Logic2024\tetris\tetris\tetris.srcs\sources_1\new\square_generator.v:]
ERROR: [Common 17-180] Spawn failed: No error
WARNING: [filemgmt 56-199] Attempt to get parsing info during refresh. "On-the-fly" syntax checking information may be incorrect. [C:\Users\csy\Desktop\Study\Logic2024\tetris\tetris\tetris.srcs\sources_1\new\DispNum.v:]
WARNING: [filemgmt 56-199] Attempt to get parsing info during refresh. "On-the-fly" syntax checking information may be incorrect. [C:\Users\csy\Desktop\Study\Logic2024\tetris\tetris\tetris.srcs\sources_1\new\square_generator.v:]
ERROR: [Common 17-180] Spawn failed: No error
WARNING: [filemgmt 56-199] Attempt to get parsing info during refresh. "On-the-fly" syntax checking information may be incorrect. [C:\Users\csy\Desktop\Study\Logic2024\tetris\tetris\tetris.srcs\sources_1\new\DispNum.v:]
WARNING: [filemgmt 56-199] Attempt to get parsing info during refresh. "On-the-fly" syntax checking information may be incorrect. [C:\Users\csy\Desktop\Study\Logic2024\tetris\tetris\tetris.srcs\sources_1\new\square_generator.v:]
ERROR: [Common 17-180] Spawn failed: No error
WARNING: [filemgmt 56-199] Attempt to get parsing info during refresh. "On-the-fly" syntax checking information may be incorrect. [C:\Users\csy\Desktop\Study\Logic2024\tetris\tetris\tetris.srcs\sources_1\new\DispNum.v:]
WARNING: [filemgmt 56-199] Attempt to get parsing info during refresh. "On-the-fly" syntax checking information may be incorrect. [C:\Users\csy\Desktop\Study\Logic2024\tetris\tetris\tetris.srcs\sources_1\new\square_generator.v:]
ERROR: [Common 17-180] Spawn failed: No error
WARNING: [filemgmt 56-199] Attempt to get parsing info during refresh. "On-the-fly" syntax checking information may be incorrect. [C:\Users\csy\Desktop\Study\Logic2024\tetris\tetris\tetris.srcs\sources_1\new\DispNum.v:]
WARNING: [filemgmt 56-199] Attempt to get parsing info during refresh. "On-the-fly" syntax checking information may be incorrect. [C:\Users\csy\Desktop\Study\Logic2024\tetris\tetris\tetris.srcs\sources_1\new\square_generator.v:]
WARNING: [filemgmt 56-199] Attempt to get parsing info during refresh. "On-the-fly" syntax checking information may be incorrect. [C:\Users\csy\Desktop\Study\Logic2024\tetris\tetris\tetris.srcs\sources_1\new\Enabler.v:]
WARNING: [filemgmt 56-199] Attempt to get parsing info during refresh. "On-the-fly" syntax checking information may be incorrect. [C:\Users\csy\Desktop\Study\Logic2024\tetris\tetris\tetris.srcs\sources_1\new\DispNum.v:]
WARNING: [filemgmt 56-199] Attempt to get parsing info during refresh. "On-the-fly" syntax checking information may be incorrect. [C:\Users\csy\Desktop\Study\Logic2024\tetris\tetris\tetris.srcs\sources_1\new\square_generator.v:]
WARNING: [filemgmt 56-199] Attempt to get parsing info during refresh. "On-the-fly" syntax checking information may be incorrect. [C:\Users\csy\Desktop\Study\Logic2024\tetris\tetris\tetris.srcs\sources_1\new\Enabler.v:]
WARNING: [filemgmt 56-199] Attempt to get parsing info during refresh. "On-the-fly" syntax checking information may be incorrect. [C:\Users\csy\Desktop\Study\Logic2024\tetris\tetris\tetris.srcs\sources_1\new\DispNum.v:]
WARNING: [filemgmt 56-199] Attempt to get parsing info during refresh. "On-the-fly" syntax checking information may be incorrect. [C:\Users\csy\Desktop\Study\Logic2024\tetris\tetris\tetris.srcs\sources_1\new\square_generator.v:]
WARNING: [filemgmt 56-199] Attempt to get parsing info during refresh. "On-the-fly" syntax checking information may be incorrect. [C:\Users\csy\Desktop\Study\Logic2024\tetris\tetris\tetris.srcs\sources_1\new\Enabler.v:]
update_compile_order -fileset sources_1
WARNING: [filemgmt 56-199] Attempt to get parsing info during refresh. "On-the-fly" syntax checking information may be incorrect. [C:\Users\csy\Desktop\Study\Logic2024\tetris\tetris\tetris.srcs\sources_1\new\DispNum.v:]
WARNING: [filemgmt 56-199] Attempt to get parsing info during refresh. "On-the-fly" syntax checking information may be incorrect. [C:\Users\csy\Desktop\Study\Logic2024\tetris\tetris\tetris.srcs\sources_1\new\square_generator.v:]
WARNING: [filemgmt 56-199] Attempt to get parsing info during refresh. "On-the-fly" syntax checking information may be incorrect. [C:\Users\csy\Desktop\Study\Logic2024\tetris\tetris\tetris.srcs\sources_1\new\Enabler.v:]
WARNING: [filemgmt 56-199] Attempt to get parsing info during refresh. "On-the-fly" syntax checking information may be incorrect. [C:\Users\csy\Desktop\Study\Logic2024\tetris\tetris\tetris.srcs\sources_1\new\DispNum.v:]
WARNING: [filemgmt 56-199] Attempt to get parsing info during refresh. "On-the-fly" syntax checking information may be incorrect. [C:\Users\csy\Desktop\Study\Logic2024\tetris\tetris\tetris.srcs\sources_1\new\square_generator.v:]
WARNING: [filemgmt 56-199] Attempt to get parsing info during refresh. "On-the-fly" syntax checking information may be incorrect. [C:\Users\csy\Desktop\Study\Logic2024\tetris\tetris\tetris.srcs\sources_1\new\Enabler.v:]
WARNING: [filemgmt 56-199] Attempt to get parsing info during refresh. "On-the-fly" syntax checking information may be incorrect. [C:\Users\csy\Desktop\Study\Logic2024\tetris\tetris\tetris.srcs\sources_1\new\DispNum.v:]
WARNING: [filemgmt 56-199] Attempt to get parsing info during refresh. "On-the-fly" syntax checking information may be incorrect. [C:\Users\csy\Desktop\Study\Logic2024\tetris\tetris\tetris.srcs\sources_1\new\square_generator.v:]
WARNING: [filemgmt 56-199] Attempt to get parsing info during refresh. "On-the-fly" syntax checking information may be incorrect. [C:\Users\csy\Desktop\Study\Logic2024\tetris\tetris\tetris.srcs\sources_1\new\Enabler.v:]
WARNING: [filemgmt 56-199] Attempt to get parsing info during refresh. "On-the-fly" syntax checking information may be incorrect. [C:\Users\csy\Desktop\Study\Logic2024\tetris\tetris\tetris.srcs\sources_1\new\DispNum.v:]
WARNING: [filemgmt 56-199] Attempt to get parsing info during refresh. "On-the-fly" syntax checking information may be incorrect. [C:\Users\csy\Desktop\Study\Logic2024\tetris\tetris\tetris.srcs\sources_1\new\square_generator.v:]
WARNING: [filemgmt 56-199] Attempt to get parsing info during refresh. "On-the-fly" syntax checking information may be incorrect. [C:\Users\csy\Desktop\Study\Logic2024\tetris\tetris\tetris.srcs\sources_1\new\Enabler.v:]
ERROR: [Common 17-180] Spawn failed: No error
update_compile_order -fileset sources_1
WARNING: [filemgmt 56-199] Attempt to get parsing info during refresh. "On-the-fly" syntax checking information may be incorrect. [C:\Users\csy\Desktop\Study\Logic2024\tetris\tetris\tetris.srcs\sources_1\new\DispNum.v:]
WARNING: [filemgmt 56-199] Attempt to get parsing info during refresh. "On-the-fly" syntax checking information may be incorrect. [C:\Users\csy\Desktop\Study\Logic2024\tetris\tetris\tetris.srcs\sources_1\new\square_generator.v:]
WARNING: [filemgmt 56-199] Attempt to get parsing info during refresh. "On-the-fly" syntax checking information may be incorrect. [C:\Users\csy\Desktop\Study\Logic2024\tetris\tetris\tetris.srcs\sources_1\new\Enabler.v:]
WARNING: [filemgmt 56-199] Attempt to get parsing info during refresh. "On-the-fly" syntax checking information may be incorrect. [C:\Users\csy\Desktop\Study\Logic2024\tetris\tetris\tetris.srcs\sources_1\new\DispNum.v:]
WARNING: [filemgmt 56-199] Attempt to get parsing info during refresh. "On-the-fly" syntax checking information may be incorrect. [C:\Users\csy\Desktop\Study\Logic2024\tetris\tetris\tetris.srcs\sources_1\new\square_generator.v:]
WARNING: [filemgmt 56-199] Attempt to get parsing info during refresh. "On-the-fly" syntax checking information may be incorrect. [C:\Users\csy\Desktop\Study\Logic2024\tetris\tetris\tetris.srcs\sources_1\new\Enabler.v:]
WARNING: [filemgmt 56-199] Attempt to get parsing info during refresh. "On-the-fly" syntax checking information may be incorrect. [C:\Users\csy\Desktop\Study\Logic2024\tetris\tetris\tetris.srcs\sources_1\new\DispNum.v:]
WARNING: [filemgmt 56-199] Attempt to get parsing info during refresh. "On-the-fly" syntax checking information may be incorrect. [C:\Users\csy\Desktop\Study\Logic2024\tetris\tetris\tetris.srcs\sources_1\new\square_generator.v:]
WARNING: [filemgmt 56-199] Attempt to get parsing info during refresh. "On-the-fly" syntax checking information may be incorrect. [C:\Users\csy\Desktop\Study\Logic2024\tetris\tetris\tetris.srcs\sources_1\new\Enabler.v:]
WARNING: [filemgmt 56-199] Attempt to get parsing info during refresh. "On-the-fly" syntax checking information may be incorrect. [C:\Users\csy\Desktop\Study\Logic2024\tetris\tetris\tetris.srcs\sources_1\new\DispNum.v:]
WARNING: [filemgmt 56-199] Attempt to get parsing info during refresh. "On-the-fly" syntax checking information may be incorrect. [C:\Users\csy\Desktop\Study\Logic2024\tetris\tetris\tetris.srcs\sources_1\new\square_generator.v:]
WARNING: [filemgmt 56-199] Attempt to get parsing info during refresh. "On-the-fly" syntax checking information may be incorrect. [C:\Users\csy\Desktop\Study\Logic2024\tetris\tetris\tetris.srcs\sources_1\new\Enabler.v:]
WARNING: [filemgmt 56-199] Attempt to get parsing info during refresh. "On-the-fly" syntax checking information may be incorrect. [C:\Users\csy\Desktop\Study\Logic2024\tetris\tetris\tetris.srcs\sources_1\new\DispNum.v:]
WARNING: [filemgmt 56-199] Attempt to get parsing info during refresh. "On-the-fly" syntax checking information may be incorrect. [C:\Users\csy\Desktop\Study\Logic2024\tetris\tetris\tetris.srcs\sources_1\new\square_generator.v:]
WARNING: [filemgmt 56-199] Attempt to get parsing info during refresh. "On-the-fly" syntax checking information may be incorrect. [C:\Users\csy\Desktop\Study\Logic2024\tetris\tetris\tetris.srcs\sources_1\new\Enabler.v:]
WARNING: [filemgmt 56-199] Attempt to get parsing info during refresh. "On-the-fly" syntax checking information may be incorrect. [C:\Users\csy\Desktop\Study\Logic2024\tetris\tetris\tetris.srcs\sources_1\new\DispNum.v:]
WARNING: [filemgmt 56-199] Attempt to get parsing info during refresh. "On-the-fly" syntax checking information may be incorrect. [C:\Users\csy\Desktop\Study\Logic2024\tetris\tetris\tetris.srcs\sources_1\new\square_generator.v:]
WARNING: [filemgmt 56-199] Attempt to get parsing info during refresh. "On-the-fly" syntax checking information may be incorrect. [C:\Users\csy\Desktop\Study\Logic2024\tetris\tetris\tetris.srcs\sources_1\new\Enabler.v:]
WARNING: [filemgmt 56-199] Attempt to get parsing info during refresh. "On-the-fly" syntax checking information may be incorrect. [C:\Users\csy\Desktop\Study\Logic2024\tetris\tetris\tetris.srcs\sources_1\new\DispNum.v:]
WARNING: [filemgmt 56-199] Attempt to get parsing info during refresh. "On-the-fly" syntax checking information may be incorrect. [C:\Users\csy\Desktop\Study\Logic2024\tetris\tetris\tetris.srcs\sources_1\new\square_generator.v:]
WARNING: [filemgmt 56-199] Attempt to get parsing info during refresh. "On-the-fly" syntax checking information may be incorrect. [C:\Users\csy\Desktop\Study\Logic2024\tetris\tetris\tetris.srcs\sources_1\new\Enabler.v:]
WARNING: [filemgmt 56-199] Attempt to get parsing info during refresh. "On-the-fly" syntax checking information may be incorrect. [C:\Users\csy\Desktop\Study\Logic2024\tetris\tetris\tetris.srcs\sources_1\new\DispNum.v:]
WARNING: [filemgmt 56-199] Attempt to get parsing info during refresh. "On-the-fly" syntax checking information may be incorrect. [C:\Users\csy\Desktop\Study\Logic2024\tetris\tetris\tetris.srcs\sources_1\new\square_generator.v:]
WARNING: [filemgmt 56-199] Attempt to get parsing info during refresh. "On-the-fly" syntax checking information may be incorrect. [C:\Users\csy\Desktop\Study\Logic2024\tetris\tetris\tetris.srcs\sources_1\new\Enabler.v:]
WARNING: [filemgmt 56-199] Attempt to get parsing info during refresh. "On-the-fly" syntax checking information may be incorrect. [C:\Users\csy\Desktop\Study\Logic2024\tetris\tetris\tetris.srcs\sources_1\new\DispNum.v:]
WARNING: [filemgmt 56-199] Attempt to get parsing info during refresh. "On-the-fly" syntax checking information may be incorrect. [C:\Users\csy\Desktop\Study\Logic2024\tetris\tetris\tetris.srcs\sources_1\new\square_generator.v:]
WARNING: [filemgmt 56-199] Attempt to get parsing info during refresh. "On-the-fly" syntax checking information may be incorrect. [C:\Users\csy\Desktop\Study\Logic2024\tetris\tetris\tetris.srcs\sources_1\new\Enabler.v:]
WARNING: [filemgmt 56-199] Attempt to get parsing info during refresh. "On-the-fly" syntax checking information may be incorrect. [C:\Users\csy\Desktop\Study\Logic2024\tetris\tetris\tetris.srcs\sources_1\new\DispNum.v:]
WARNING: [filemgmt 56-199] Attempt to get parsing info during refresh. "On-the-fly" syntax checking information may be incorrect. [C:\Users\csy\Desktop\Study\Logic2024\tetris\tetris\tetris.srcs\sources_1\new\square_generator.v:]
WARNING: [filemgmt 56-199] Attempt to get parsing info during refresh. "On-the-fly" syntax checking information may be incorrect. [C:\Users\csy\Desktop\Study\Logic2024\tetris\tetris\tetris.srcs\sources_1\new\Enabler.v:]
WARNING: [filemgmt 56-199] Attempt to get parsing info during refresh. "On-the-fly" syntax checking information may be incorrect. [C:\Users\csy\Desktop\Study\Logic2024\tetris\tetris\tetris.srcs\sources_1\new\DispNum.v:]
WARNING: [filemgmt 56-199] Attempt to get parsing info during refresh. "On-the-fly" syntax checking information may be incorrect. [C:\Users\csy\Desktop\Study\Logic2024\tetris\tetris\tetris.srcs\sources_1\new\square_generator.v:]
WARNING: [filemgmt 56-199] Attempt to get parsing info during refresh. "On-the-fly" syntax checking information may be incorrect. [C:\Users\csy\Desktop\Study\Logic2024\tetris\tetris\tetris.srcs\sources_1\new\Enabler.v:]
WARNING: [filemgmt 56-199] Attempt to get parsing info during refresh. "On-the-fly" syntax checking information may be incorrect. [C:\Users\csy\Desktop\Study\Logic2024\tetris\tetris\tetris.srcs\sources_1\new\DispNum.v:]
WARNING: [filemgmt 56-199] Attempt to get parsing info during refresh. "On-the-fly" syntax checking information may be incorrect. [C:\Users\csy\Desktop\Study\Logic2024\tetris\tetris\tetris.srcs\sources_1\new\square_generator.v:]
WARNING: [filemgmt 56-199] Attempt to get parsing info during refresh. "On-the-fly" syntax checking information may be incorrect. [C:\Users\csy\Desktop\Study\Logic2024\tetris\tetris\tetris.srcs\sources_1\new\Enabler.v:]
WARNING: [filemgmt 56-199] Attempt to get parsing info during refresh. "On-the-fly" syntax checking information may be incorrect. [C:\Users\csy\Desktop\Study\Logic2024\tetris\tetris\tetris.srcs\sources_1\new\DispNum.v:]
WARNING: [filemgmt 56-199] Attempt to get parsing info during refresh. "On-the-fly" syntax checking information may be incorrect. [C:\Users\csy\Desktop\Study\Logic2024\tetris\tetris\tetris.srcs\sources_1\new\square_generator.v:]
WARNING: [filemgmt 56-199] Attempt to get parsing info during refresh. "On-the-fly" syntax checking information may be incorrect. [C:\Users\csy\Desktop\Study\Logic2024\tetris\tetris\tetris.srcs\sources_1\new\Enabler.v:]
WARNING: [filemgmt 56-199] Attempt to get parsing info during refresh. "On-the-fly" syntax checking information may be incorrect. [C:\Users\csy\Desktop\Study\Logic2024\tetris\tetris\tetris.srcs\sources_1\new\DispNum.v:]
WARNING: [filemgmt 56-199] Attempt to get parsing info during refresh. "On-the-fly" syntax checking information may be incorrect. [C:\Users\csy\Desktop\Study\Logic2024\tetris\tetris\tetris.srcs\sources_1\new\square_generator.v:]
WARNING: [filemgmt 56-199] Attempt to get parsing info during refresh. "On-the-fly" syntax checking information may be incorrect. [C:\Users\csy\Desktop\Study\Logic2024\tetris\tetris\tetris.srcs\sources_1\new\Enabler.v:]
WARNING: [filemgmt 56-199] Attempt to get parsing info during refresh. "On-the-fly" syntax checking information may be incorrect. [C:\Users\csy\Desktop\Study\Logic2024\tetris\tetris\tetris.srcs\sources_1\new\DispNum.v:]
WARNING: [filemgmt 56-199] Attempt to get parsing info during refresh. "On-the-fly" syntax checking information may be incorrect. [C:\Users\csy\Desktop\Study\Logic2024\tetris\tetris\tetris.srcs\sources_1\new\square_generator.v:]
WARNING: [filemgmt 56-199] Attempt to get parsing info during refresh. "On-the-fly" syntax checking information may be incorrect. [C:\Users\csy\Desktop\Study\Logic2024\tetris\tetris\tetris.srcs\sources_1\new\Enabler.v:]
WARNING: [filemgmt 56-199] Attempt to get parsing info during refresh. "On-the-fly" syntax checking information may be incorrect. [C:\Users\csy\Desktop\Study\Logic2024\tetris\tetris\tetris.srcs\sources_1\new\DispNum.v:]
WARNING: [filemgmt 56-199] Attempt to get parsing info during refresh. "On-the-fly" syntax checking information may be incorrect. [C:\Users\csy\Desktop\Study\Logic2024\tetris\tetris\tetris.srcs\sources_1\new\square_generator.v:]
WARNING: [filemgmt 56-199] Attempt to get parsing info during refresh. "On-the-fly" syntax checking information may be incorrect. [C:\Users\csy\Desktop\Study\Logic2024\tetris\tetris\tetris.srcs\sources_1\new\Enabler.v:]
ERROR: [Common 17-180] Spawn failed: No error
WARNING: [filemgmt 56-199] Attempt to get parsing info during refresh. "On-the-fly" syntax checking information may be incorrect. [C:\Users\csy\Desktop\Study\Logic2024\tetris\tetris\tetris.srcs\sources_1\new\DispNum.v:]
WARNING: [filemgmt 56-199] Attempt to get parsing info during refresh. "On-the-fly" syntax checking information may be incorrect. [C:\Users\csy\Desktop\Study\Logic2024\tetris\tetris\tetris.srcs\sources_1\new\square_generator.v:]
WARNING: [filemgmt 56-199] Attempt to get parsing info during refresh. "On-the-fly" syntax checking information may be incorrect. [C:\Users\csy\Desktop\Study\Logic2024\tetris\tetris\tetris.srcs\sources_1\new\Enabler.v:]
ERROR: [Common 17-180] Spawn failed: No error
WARNING: [filemgmt 56-199] Attempt to get parsing info during refresh. "On-the-fly" syntax checking information may be incorrect. [C:\Users\csy\Desktop\Study\Logic2024\tetris\tetris\tetris.srcs\sources_1\new\DispNum.v:]
WARNING: [filemgmt 56-199] Attempt to get parsing info during refresh. "On-the-fly" syntax checking information may be incorrect. [C:\Users\csy\Desktop\Study\Logic2024\tetris\tetris\tetris.srcs\sources_1\new\square_generator.v:]
WARNING: [filemgmt 56-199] Attempt to get parsing info during refresh. "On-the-fly" syntax checking information may be incorrect. [C:\Users\csy\Desktop\Study\Logic2024\tetris\tetris\tetris.srcs\sources_1\new\Enabler.v:]
ERROR: [Common 17-180] Spawn failed: No error
WARNING: [filemgmt 56-199] Attempt to get parsing info during refresh. "On-the-fly" syntax checking information may be incorrect. [C:\Users\csy\Desktop\Study\Logic2024\tetris\tetris\tetris.srcs\sources_1\new\DispNum.v:]
WARNING: [filemgmt 56-199] Attempt to get parsing info during refresh. "On-the-fly" syntax checking information may be incorrect. [C:\Users\csy\Desktop\Study\Logic2024\tetris\tetris\tetris.srcs\sources_1\new\square_generator.v:]
WARNING: [filemgmt 56-199] Attempt to get parsing info during refresh. "On-the-fly" syntax checking information may be incorrect. [C:\Users\csy\Desktop\Study\Logic2024\tetris\tetris\tetris.srcs\sources_1\new\Enabler.v:]
WARNING: [filemgmt 56-199] Attempt to get parsing info during refresh. "On-the-fly" syntax checking information may be incorrect. [C:\Users\csy\Desktop\Study\Logic2024\tetris\tetris\tetris.srcs\sources_1\new\DispNum.v:]
WARNING: [filemgmt 56-199] Attempt to get parsing info during refresh. "On-the-fly" syntax checking information may be incorrect. [C:\Users\csy\Desktop\Study\Logic2024\tetris\tetris\tetris.srcs\sources_1\new\square_generator.v:]
WARNING: [filemgmt 56-199] Attempt to get parsing info during refresh. "On-the-fly" syntax checking information may be incorrect. [C:\Users\csy\Desktop\Study\Logic2024\tetris\tetris\tetris.srcs\sources_1\new\Enabler.v:]
WARNING: [filemgmt 56-199] Attempt to get parsing info during refresh. "On-the-fly" syntax checking information may be incorrect. [C:\Users\csy\Desktop\Study\Logic2024\tetris\tetris\tetris.srcs\sources_1\new\DispNum.v:]
WARNING: [filemgmt 56-199] Attempt to get parsing info during refresh. "On-the-fly" syntax checking information may be incorrect. [C:\Users\csy\Desktop\Study\Logic2024\tetris\tetris\tetris.srcs\sources_1\new\square_generator.v:]
WARNING: [filemgmt 56-199] Attempt to get parsing info during refresh. "On-the-fly" syntax checking information may be incorrect. [C:\Users\csy\Desktop\Study\Logic2024\tetris\tetris\tetris.srcs\sources_1\new\Enabler.v:]
WARNING: [filemgmt 56-199] Attempt to get parsing info during refresh. "On-the-fly" syntax checking information may be incorrect. [C:\Users\csy\Desktop\Study\Logic2024\tetris\tetris\tetris.srcs\sources_1\new\DispNum.v:]
WARNING: [filemgmt 56-199] Attempt to get parsing info during refresh. "On-the-fly" syntax checking information may be incorrect. [C:\Users\csy\Desktop\Study\Logic2024\tetris\tetris\tetris.srcs\sources_1\new\square_generator.v:]
WARNING: [filemgmt 56-199] Attempt to get parsing info during refresh. "On-the-fly" syntax checking information may be incorrect. [C:\Users\csy\Desktop\Study\Logic2024\tetris\tetris\tetris.srcs\sources_1\new\Enabler.v:]
WARNING: [filemgmt 56-199] Attempt to get parsing info during refresh. "On-the-fly" syntax checking information may be incorrect. [C:\Users\csy\Desktop\Study\Logic2024\tetris\tetris\tetris.srcs\sources_1\new\DispNum.v:]
WARNING: [filemgmt 56-199] Attempt to get parsing info during refresh. "On-the-fly" syntax checking information may be incorrect. [C:\Users\csy\Desktop\Study\Logic2024\tetris\tetris\tetris.srcs\sources_1\new\square_generator.v:]
WARNING: [filemgmt 56-199] Attempt to get parsing info during refresh. "On-the-fly" syntax checking information may be incorrect. [C:\Users\csy\Desktop\Study\Logic2024\tetris\tetris\tetris.srcs\sources_1\new\Enabler.v:]
WARNING: [filemgmt 56-199] Attempt to get parsing info during refresh. "On-the-fly" syntax checking information may be incorrect. [C:\Users\csy\Desktop\Study\Logic2024\tetris\tetris\tetris.srcs\sources_1\new\DispNum.v:]
WARNING: [filemgmt 56-199] Attempt to get parsing info during refresh. "On-the-fly" syntax checking information may be incorrect. [C:\Users\csy\Desktop\Study\Logic2024\tetris\tetris\tetris.srcs\sources_1\new\square_generator.v:]
WARNING: [filemgmt 56-199] Attempt to get parsing info during refresh. "On-the-fly" syntax checking information may be incorrect. [C:\Users\csy\Desktop\Study\Logic2024\tetris\tetris\tetris.srcs\sources_1\new\Enabler.v:]
WARNING: [filemgmt 56-199] Attempt to get parsing info during refresh. "On-the-fly" syntax checking information may be incorrect. [C:\Users\csy\Desktop\Study\Logic2024\tetris\tetris\tetris.srcs\sources_1\new\DispNum.v:]
WARNING: [filemgmt 56-199] Attempt to get parsing info during refresh. "On-the-fly" syntax checking information may be incorrect. [C:\Users\csy\Desktop\Study\Logic2024\tetris\tetris\tetris.srcs\sources_1\new\square_generator.v:]
WARNING: [filemgmt 56-199] Attempt to get parsing info during refresh. "On-the-fly" syntax checking information may be incorrect. [C:\Users\csy\Desktop\Study\Logic2024\tetris\tetris\tetris.srcs\sources_1\new\Enabler.v:]
WARNING: [filemgmt 56-199] Attempt to get parsing info during refresh. "On-the-fly" syntax checking information may be incorrect. [C:\Users\csy\Desktop\Study\Logic2024\tetris\tetris\tetris.srcs\sources_1\new\DispNum.v:]
WARNING: [filemgmt 56-199] Attempt to get parsing info during refresh. "On-the-fly" syntax checking information may be incorrect. [C:\Users\csy\Desktop\Study\Logic2024\tetris\tetris\tetris.srcs\sources_1\new\square_generator.v:]
WARNING: [filemgmt 56-199] Attempt to get parsing info during refresh. "On-the-fly" syntax checking information may be incorrect. [C:\Users\csy\Desktop\Study\Logic2024\tetris\tetris\tetris.srcs\sources_1\new\Enabler.v:]
WARNING: [filemgmt 56-199] Attempt to get parsing info during refresh. "On-the-fly" syntax checking information may be incorrect. [C:\Users\csy\Desktop\Study\Logic2024\tetris\tetris\tetris.srcs\sources_1\new\DispNum.v:]
WARNING: [filemgmt 56-199] Attempt to get parsing info during refresh. "On-the-fly" syntax checking information may be incorrect. [C:\Users\csy\Desktop\Study\Logic2024\tetris\tetris\tetris.srcs\sources_1\new\square_generator.v:]
WARNING: [filemgmt 56-199] Attempt to get parsing info during refresh. "On-the-fly" syntax checking information may be incorrect. [C:\Users\csy\Desktop\Study\Logic2024\tetris\tetris\tetris.srcs\sources_1\new\Enabler.v:]
ERROR: [Common 17-180] Spawn failed: No error
WARNING: [filemgmt 56-199] Attempt to get parsing info during refresh. "On-the-fly" syntax checking information may be incorrect. [C:\Users\csy\Desktop\Study\Logic2024\tetris\tetris\tetris.srcs\sources_1\new\DispNum.v:]
WARNING: [filemgmt 56-199] Attempt to get parsing info during refresh. "On-the-fly" syntax checking information may be incorrect. [C:\Users\csy\Desktop\Study\Logic2024\tetris\tetris\tetris.srcs\sources_1\new\square_generator.v:]
WARNING: [filemgmt 56-199] Attempt to get parsing info during refresh. "On-the-fly" syntax checking information may be incorrect. [C:\Users\csy\Desktop\Study\Logic2024\tetris\tetris\tetris.srcs\sources_1\new\Enabler.v:]
WARNING: [filemgmt 56-199] Attempt to get parsing info during refresh. "On-the-fly" syntax checking information may be incorrect. [C:\Users\csy\Desktop\Study\Logic2024\tetris\tetris\tetris.srcs\sources_1\new\DispNum.v:]
WARNING: [filemgmt 56-199] Attempt to get parsing info during refresh. "On-the-fly" syntax checking information may be incorrect. [C:\Users\csy\Desktop\Study\Logic2024\tetris\tetris\tetris.srcs\sources_1\new\square_generator.v:]
WARNING: [filemgmt 56-199] Attempt to get parsing info during refresh. "On-the-fly" syntax checking information may be incorrect. [C:\Users\csy\Desktop\Study\Logic2024\tetris\tetris\tetris.srcs\sources_1\new\Enabler.v:]
WARNING: [filemgmt 56-199] Attempt to get parsing info during refresh. "On-the-fly" syntax checking information may be incorrect. [C:\Users\csy\Desktop\Study\Logic2024\tetris\tetris\tetris.srcs\sources_1\new\DispNum.v:]
WARNING: [filemgmt 56-199] Attempt to get parsing info during refresh. "On-the-fly" syntax checking information may be incorrect. [C:\Users\csy\Desktop\Study\Logic2024\tetris\tetris\tetris.srcs\sources_1\new\square_generator.v:]
WARNING: [filemgmt 56-199] Attempt to get parsing info during refresh. "On-the-fly" syntax checking information may be incorrect. [C:\Users\csy\Desktop\Study\Logic2024\tetris\tetris\tetris.srcs\sources_1\new\Enabler.v:]
WARNING: [filemgmt 56-199] Attempt to get parsing info during refresh. "On-the-fly" syntax checking information may be incorrect. [C:\Users\csy\Desktop\Study\Logic2024\tetris\tetris\tetris.srcs\sources_1\new\DispNum.v:]
WARNING: [filemgmt 56-199] Attempt to get parsing info during refresh. "On-the-fly" syntax checking information may be incorrect. [C:\Users\csy\Desktop\Study\Logic2024\tetris\tetris\tetris.srcs\sources_1\new\square_generator.v:]
WARNING: [filemgmt 56-199] Attempt to get parsing info during refresh. "On-the-fly" syntax checking information may be incorrect. [C:\Users\csy\Desktop\Study\Logic2024\tetris\tetris\tetris.srcs\sources_1\new\Enabler.v:]
WARNING: [filemgmt 56-199] Attempt to get parsing info during refresh. "On-the-fly" syntax checking information may be incorrect. [C:\Users\csy\Desktop\Study\Logic2024\tetris\tetris\tetris.srcs\sources_1\new\DispNum.v:]
WARNING: [filemgmt 56-199] Attempt to get parsing info during refresh. "On-the-fly" syntax checking information may be incorrect. [C:\Users\csy\Desktop\Study\Logic2024\tetris\tetris\tetris.srcs\sources_1\new\square_generator.v:]
WARNING: [filemgmt 56-199] Attempt to get parsing info during refresh. "On-the-fly" syntax checking information may be incorrect. [C:\Users\csy\Desktop\Study\Logic2024\tetris\tetris\tetris.srcs\sources_1\new\Enabler.v:]
ERROR: [Common 17-180] Spawn failed: No error
WARNING: [filemgmt 56-199] Attempt to get parsing info during refresh. "On-the-fly" syntax checking information may be incorrect. [C:\Users\csy\Desktop\Study\Logic2024\tetris\tetris\tetris.srcs\sources_1\new\DispNum.v:]
WARNING: [filemgmt 56-199] Attempt to get parsing info during refresh. "On-the-fly" syntax checking information may be incorrect. [C:\Users\csy\Desktop\Study\Logic2024\tetris\tetris\tetris.srcs\sources_1\new\square_generator.v:]
WARNING: [filemgmt 56-199] Attempt to get parsing info during refresh. "On-the-fly" syntax checking information may be incorrect. [C:\Users\csy\Desktop\Study\Logic2024\tetris\tetris\tetris.srcs\sources_1\new\Enabler.v:]
WARNING: [filemgmt 56-199] Attempt to get parsing info during refresh. "On-the-fly" syntax checking information may be incorrect. [C:\Users\csy\Desktop\Study\Logic2024\tetris\tetris\tetris.srcs\sources_1\new\DispNum.v:]
WARNING: [filemgmt 56-199] Attempt to get parsing info during refresh. "On-the-fly" syntax checking information may be incorrect. [C:\Users\csy\Desktop\Study\Logic2024\tetris\tetris\tetris.srcs\sources_1\new\square_generator.v:]
WARNING: [filemgmt 56-199] Attempt to get parsing info during refresh. "On-the-fly" syntax checking information may be incorrect. [C:\Users\csy\Desktop\Study\Logic2024\tetris\tetris\tetris.srcs\sources_1\new\Enabler.v:]
WARNING: [filemgmt 56-199] Attempt to get parsing info during refresh. "On-the-fly" syntax checking information may be incorrect. [C:\Users\csy\Desktop\Study\Logic2024\tetris\tetris\tetris.srcs\sources_1\new\DispNum.v:]
WARNING: [filemgmt 56-199] Attempt to get parsing info during refresh. "On-the-fly" syntax checking information may be incorrect. [C:\Users\csy\Desktop\Study\Logic2024\tetris\tetris\tetris.srcs\sources_1\new\square_generator.v:]
WARNING: [filemgmt 56-199] Attempt to get parsing info during refresh. "On-the-fly" syntax checking information may be incorrect. [C:\Users\csy\Desktop\Study\Logic2024\tetris\tetris\tetris.srcs\sources_1\new\Enabler.v:]
ERROR: [Common 17-180] Spawn failed: No error
WARNING: [filemgmt 56-199] Attempt to get parsing info during refresh. "On-the-fly" syntax checking information may be incorrect. [C:\Users\csy\Desktop\Study\Logic2024\tetris\tetris\tetris.srcs\sources_1\new\DispNum.v:]
WARNING: [filemgmt 56-199] Attempt to get parsing info during refresh. "On-the-fly" syntax checking information may be incorrect. [C:\Users\csy\Desktop\Study\Logic2024\tetris\tetris\tetris.srcs\sources_1\new\square_generator.v:]
WARNING: [filemgmt 56-199] Attempt to get parsing info during refresh. "On-the-fly" syntax checking information may be incorrect. [C:\Users\csy\Desktop\Study\Logic2024\tetris\tetris\tetris.srcs\sources_1\new\Enabler.v:]
WARNING: [filemgmt 56-199] Attempt to get parsing info during refresh. "On-the-fly" syntax checking information may be incorrect. [C:\Users\csy\Desktop\Study\Logic2024\tetris\tetris\tetris.srcs\sources_1\new\DispNum.v:]
WARNING: [filemgmt 56-199] Attempt to get parsing info during refresh. "On-the-fly" syntax checking information may be incorrect. [C:\Users\csy\Desktop\Study\Logic2024\tetris\tetris\tetris.srcs\sources_1\new\square_generator.v:]
WARNING: [filemgmt 56-199] Attempt to get parsing info during refresh. "On-the-fly" syntax checking information may be incorrect. [C:\Users\csy\Desktop\Study\Logic2024\tetris\tetris\tetris.srcs\sources_1\new\Enabler.v:]
WARNING: [filemgmt 56-199] Attempt to get parsing info during refresh. "On-the-fly" syntax checking information may be incorrect. [C:\Users\csy\Desktop\Study\Logic2024\tetris\tetris\tetris.srcs\sources_1\new\DispNum.v:]
WARNING: [filemgmt 56-199] Attempt to get parsing info during refresh. "On-the-fly" syntax checking information may be incorrect. [C:\Users\csy\Desktop\Study\Logic2024\tetris\tetris\tetris.srcs\sources_1\new\square_generator.v:]
WARNING: [filemgmt 56-199] Attempt to get parsing info during refresh. "On-the-fly" syntax checking information may be incorrect. [C:\Users\csy\Desktop\Study\Logic2024\tetris\tetris\tetris.srcs\sources_1\new\Enabler.v:]
WARNING: [filemgmt 56-199] Attempt to get parsing info during refresh. "On-the-fly" syntax checking information may be incorrect. [C:\Users\csy\Desktop\Study\Logic2024\tetris\tetris\tetris.srcs\sources_1\new\DispNum.v:]
WARNING: [filemgmt 56-199] Attempt to get parsing info during refresh. "On-the-fly" syntax checking information may be incorrect. [C:\Users\csy\Desktop\Study\Logic2024\tetris\tetris\tetris.srcs\sources_1\new\square_generator.v:]
WARNING: [filemgmt 56-199] Attempt to get parsing info during refresh. "On-the-fly" syntax checking information may be incorrect. [C:\Users\csy\Desktop\Study\Logic2024\tetris\tetris\tetris.srcs\sources_1\new\Enabler.v:]
WARNING: [filemgmt 56-199] Attempt to get parsing info during refresh. "On-the-fly" syntax checking information may be incorrect. [C:\Users\csy\Desktop\Study\Logic2024\tetris\tetris\tetris.srcs\sources_1\new\DispNum.v:]
WARNING: [filemgmt 56-199] Attempt to get parsing info during refresh. "On-the-fly" syntax checking information may be incorrect. [C:\Users\csy\Desktop\Study\Logic2024\tetris\tetris\tetris.srcs\sources_1\new\DispNum.v:]
WARNING: [filemgmt 56-199] Attempt to get parsing info during refresh. "On-the-fly" syntax checking information may be incorrect. [C:\Users\csy\Desktop\Study\Logic2024\tetris\tetris\tetris.srcs\sources_1\new\square_generator.v:]
WARNING: [filemgmt 56-199] Attempt to get parsing info during refresh. "On-the-fly" syntax checking information may be incorrect. [C:\Users\csy\Desktop\Study\Logic2024\tetris\tetris\tetris.srcs\sources_1\new\Enabler.v:]
WARNING: [filemgmt 56-199] Attempt to get parsing info during refresh. "On-the-fly" syntax checking information may be incorrect. [C:\Users\csy\Desktop\Study\Logic2024\tetris\tetris\tetris.srcs\sources_1\new\DispNum.v:]
WARNING: [filemgmt 56-199] Attempt to get parsing info during refresh. "On-the-fly" syntax checking information may be incorrect. [C:\Users\csy\Desktop\Study\Logic2024\tetris\tetris\tetris.srcs\sources_1\new\square_generator.v:]
WARNING: [filemgmt 56-199] Attempt to get parsing info during refresh. "On-the-fly" syntax checking information may be incorrect. [C:\Users\csy\Desktop\Study\Logic2024\tetris\tetris\tetris.srcs\sources_1\new\Enabler.v:]
WARNING: [filemgmt 56-199] Attempt to get parsing info during refresh. "On-the-fly" syntax checking information may be incorrect. [C:\Users\csy\Desktop\Study\Logic2024\tetris\tetris\tetris.srcs\sources_1\new\DispNum.v:]
WARNING: [filemgmt 56-199] Attempt to get parsing info during refresh. "On-the-fly" syntax checking information may be incorrect. [C:\Users\csy\Desktop\Study\Logic2024\tetris\tetris\tetris.srcs\sources_1\new\square_generator.v:]
WARNING: [filemgmt 56-199] Attempt to get parsing info during refresh. "On-the-fly" syntax checking information may be incorrect. [C:\Users\csy\Desktop\Study\Logic2024\tetris\tetris\tetris.srcs\sources_1\new\Enabler.v:]
WARNING: [filemgmt 56-199] Attempt to get parsing info during refresh. "On-the-fly" syntax checking information may be incorrect. [C:\Users\csy\Desktop\Study\Logic2024\tetris\tetris\tetris.srcs\sources_1\new\DispNum.v:]
WARNING: [filemgmt 56-199] Attempt to get parsing info during refresh. "On-the-fly" syntax checking information may be incorrect. [C:\Users\csy\Desktop\Study\Logic2024\tetris\tetris\tetris.srcs\sources_1\new\square_generator.v:]
WARNING: [filemgmt 56-199] Attempt to get parsing info during refresh. "On-the-fly" syntax checking information may be incorrect. [C:\Users\csy\Desktop\Study\Logic2024\tetris\tetris\tetris.srcs\sources_1\new\Enabler.v:]
ERROR: [Common 17-180] Spawn failed: No error
WARNING: [filemgmt 56-199] Attempt to get parsing info during refresh. "On-the-fly" syntax checking information may be incorrect. [C:\Users\csy\Desktop\Study\Logic2024\tetris\tetris\tetris.srcs\sources_1\new\DispNum.v:]
WARNING: [filemgmt 56-199] Attempt to get parsing info during refresh. "On-the-fly" syntax checking information may be incorrect. [C:\Users\csy\Desktop\Study\Logic2024\tetris\tetris\tetris.srcs\sources_1\new\square_generator.v:]
WARNING: [filemgmt 56-199] Attempt to get parsing info during refresh. "On-the-fly" syntax checking information may be incorrect. [C:\Users\csy\Desktop\Study\Logic2024\tetris\tetris\tetris.srcs\sources_1\new\Enabler.v:]
WARNING: [filemgmt 56-199] Attempt to get parsing info during refresh. "On-the-fly" syntax checking information may be incorrect. [C:\Users\csy\Desktop\Study\Logic2024\tetris\tetris\tetris.srcs\sources_1\new\DispNum.v:]
WARNING: [filemgmt 56-199] Attempt to get parsing info during refresh. "On-the-fly" syntax checking information may be incorrect. [C:\Users\csy\Desktop\Study\Logic2024\tetris\tetris\tetris.srcs\sources_1\new\square_generator.v:]
WARNING: [filemgmt 56-199] Attempt to get parsing info during refresh. "On-the-fly" syntax checking information may be incorrect. [C:\Users\csy\Desktop\Study\Logic2024\tetris\tetris\tetris.srcs\sources_1\new\Enabler.v:]
WARNING: [filemgmt 56-199] Attempt to get parsing info during refresh. "On-the-fly" syntax checking information may be incorrect. [C:\Users\csy\Desktop\Study\Logic2024\tetris\tetris\tetris.srcs\sources_1\new\DispNum.v:]
WARNING: [filemgmt 56-199] Attempt to get parsing info during refresh. "On-the-fly" syntax checking information may be incorrect. [C:\Users\csy\Desktop\Study\Logic2024\tetris\tetris\tetris.srcs\sources_1\new\square_generator.v:]
WARNING: [filemgmt 56-199] Attempt to get parsing info during refresh. "On-the-fly" syntax checking information may be incorrect. [C:\Users\csy\Desktop\Study\Logic2024\tetris\tetris\tetris.srcs\sources_1\new\Enabler.v:]
WARNING: [filemgmt 56-199] Attempt to get parsing info during refresh. "On-the-fly" syntax checking information may be incorrect. [C:\Users\csy\Desktop\Study\Logic2024\tetris\tetris\tetris.srcs\sources_1\new\DispNum.v:]
WARNING: [filemgmt 56-199] Attempt to get parsing info during refresh. "On-the-fly" syntax checking information may be incorrect. [C:\Users\csy\Desktop\Study\Logic2024\tetris\tetris\tetris.srcs\sources_1\new\square_generator.v:]
WARNING: [filemgmt 56-199] Attempt to get parsing info during refresh. "On-the-fly" syntax checking information may be incorrect. [C:\Users\csy\Desktop\Study\Logic2024\tetris\tetris\tetris.srcs\sources_1\new\Enabler.v:]
WARNING: [filemgmt 56-199] Attempt to get parsing info during refresh. "On-the-fly" syntax checking information may be incorrect. [C:\Users\csy\Desktop\Study\Logic2024\tetris\tetris\tetris.srcs\sources_1\new\DispNum.v:]
WARNING: [filemgmt 56-199] Attempt to get parsing info during refresh. "On-the-fly" syntax checking information may be incorrect. [C:\Users\csy\Desktop\Study\Logic2024\tetris\tetris\tetris.srcs\sources_1\new\square_generator.v:]
WARNING: [filemgmt 56-199] Attempt to get parsing info during refresh. "On-the-fly" syntax checking information may be incorrect. [C:\Users\csy\Desktop\Study\Logic2024\tetris\tetris\tetris.srcs\sources_1\new\Enabler.v:]
WARNING: [filemgmt 56-199] Attempt to get parsing info during refresh. "On-the-fly" syntax checking information may be incorrect. [C:\Users\csy\Desktop\Study\Logic2024\tetris\tetris\tetris.srcs\sources_1\new\DispNum.v:]
WARNING: [filemgmt 56-199] Attempt to get parsing info during refresh. "On-the-fly" syntax checking information may be incorrect. [C:\Users\csy\Desktop\Study\Logic2024\tetris\tetris\tetris.srcs\sources_1\new\DispNum.v:]
WARNING: [filemgmt 56-199] Attempt to get parsing info during refresh. "On-the-fly" syntax checking information may be incorrect. [C:\Users\csy\Desktop\Study\Logic2024\tetris\tetris\tetris.srcs\sources_1\new\square_generator.v:]
WARNING: [filemgmt 56-199] Attempt to get parsing info during refresh. "On-the-fly" syntax checking information may be incorrect. [C:\Users\csy\Desktop\Study\Logic2024\tetris\tetris\tetris.srcs\sources_1\new\Enabler.v:]
WARNING: [filemgmt 56-199] Attempt to get parsing info during refresh. "On-the-fly" syntax checking information may be incorrect. [C:\Users\csy\Desktop\Study\Logic2024\tetris\tetris\tetris.srcs\sources_1\new\DispNum.v:]
WARNING: [filemgmt 56-199] Attempt to get parsing info during refresh. "On-the-fly" syntax checking information may be incorrect. [C:\Users\csy\Desktop\Study\Logic2024\tetris\tetris\tetris.srcs\sources_1\new\square_generator.v:]
WARNING: [filemgmt 56-199] Attempt to get parsing info during refresh. "On-the-fly" syntax checking information may be incorrect. [C:\Users\csy\Desktop\Study\Logic2024\tetris\tetris\tetris.srcs\sources_1\new\Enabler.v:]
WARNING: [filemgmt 56-199] Attempt to get parsing info during refresh. "On-the-fly" syntax checking information may be incorrect. [C:\Users\csy\Desktop\Study\Logic2024\tetris\tetris\tetris.srcs\sources_1\new\DispNum.v:]
WARNING: [filemgmt 56-199] Attempt to get parsing info during refresh. "On-the-fly" syntax checking information may be incorrect. [C:\Users\csy\Desktop\Study\Logic2024\tetris\tetris\tetris.srcs\sources_1\new\square_generator.v:]
WARNING: [filemgmt 56-199] Attempt to get parsing info during refresh. "On-the-fly" syntax checking information may be incorrect. [C:\Users\csy\Desktop\Study\Logic2024\tetris\tetris\tetris.srcs\sources_1\new\Enabler.v:]
WARNING: [filemgmt 56-199] Attempt to get parsing info during refresh. "On-the-fly" syntax checking information may be incorrect. [C:\Users\csy\Desktop\Study\Logic2024\tetris\tetris\tetris.srcs\sources_1\new\DispNum.v:]
WARNING: [filemgmt 56-199] Attempt to get parsing info during refresh. "On-the-fly" syntax checking information may be incorrect. [C:\Users\csy\Desktop\Study\Logic2024\tetris\tetris\tetris.srcs\sources_1\new\square_generator.v:]
WARNING: [filemgmt 56-199] Attempt to get parsing info during refresh. "On-the-fly" syntax checking information may be incorrect. [C:\Users\csy\Desktop\Study\Logic2024\tetris\tetris\tetris.srcs\sources_1\new\Enabler.v:]
WARNING: [filemgmt 56-199] Attempt to get parsing info during refresh. "On-the-fly" syntax checking information may be incorrect. [C:\Users\csy\Desktop\Study\Logic2024\tetris\tetris\tetris.srcs\sources_1\new\DispNum.v:]
WARNING: [filemgmt 56-199] Attempt to get parsing info during refresh. "On-the-fly" syntax checking information may be incorrect. [C:\Users\csy\Desktop\Study\Logic2024\tetris\tetris\tetris.srcs\sources_1\new\square_generator.v:]
WARNING: [filemgmt 56-199] Attempt to get parsing info during refresh. "On-the-fly" syntax checking information may be incorrect. [C:\Users\csy\Desktop\Study\Logic2024\tetris\tetris\tetris.srcs\sources_1\new\top.v:]
WARNING: [filemgmt 56-199] Attempt to get parsing info during refresh. "On-the-fly" syntax checking information may be incorrect. [C:\Users\csy\Desktop\Study\Logic2024\tetris\tetris\tetris.srcs\sources_1\new\Enabler.v:]
WARNING: [filemgmt 56-199] Attempt to get parsing info during refresh. "On-the-fly" syntax checking information may be incorrect. [C:\Users\csy\Desktop\Study\Logic2024\tetris\tetris\tetris.srcs\sources_1\new\DispNum.v:]
WARNING: [filemgmt 56-199] Attempt to get parsing info during refresh. "On-the-fly" syntax checking information may be incorrect. [C:\Users\csy\Desktop\Study\Logic2024\tetris\tetris\tetris.srcs\sources_1\new\square_generator.v:]
WARNING: [filemgmt 56-199] Attempt to get parsing info during refresh. "On-the-fly" syntax checking information may be incorrect. [C:\Users\csy\Desktop\Study\Logic2024\tetris\tetris\tetris.srcs\sources_1\new\top.v:]
WARNING: [filemgmt 56-199] Attempt to get parsing info during refresh. "On-the-fly" syntax checking information may be incorrect. [C:\Users\csy\Desktop\Study\Logic2024\tetris\tetris\tetris.srcs\sources_1\new\Enabler.v:]
ERROR: [Common 17-180] Spawn failed: No error
ERROR: [Common 17-180] Spawn failed: No error
WARNING: [filemgmt 56-199] Attempt to get parsing info during refresh. "On-the-fly" syntax checking information may be incorrect. [C:\Users\csy\Desktop\Study\Logic2024\tetris\tetris\tetris.srcs\sources_1\new\DispNum.v:]
WARNING: [filemgmt 56-199] Attempt to get parsing info during refresh. "On-the-fly" syntax checking information may be incorrect. [C:\Users\csy\Desktop\Study\Logic2024\tetris\tetris\tetris.srcs\sources_1\new\square_generator.v:]
WARNING: [filemgmt 56-199] Attempt to get parsing info during refresh. "On-the-fly" syntax checking information may be incorrect. [C:\Users\csy\Desktop\Study\Logic2024\tetris\tetris\tetris.srcs\sources_1\new\top.v:]
WARNING: [filemgmt 56-199] Attempt to get parsing info during refresh. "On-the-fly" syntax checking information may be incorrect. [C:\Users\csy\Desktop\Study\Logic2024\tetris\tetris\tetris.srcs\sources_1\new\Enabler.v:]
WARNING: [filemgmt 56-199] Attempt to get parsing info during refresh. "On-the-fly" syntax checking information may be incorrect. [C:\Users\csy\Desktop\Study\Logic2024\tetris\tetris\tetris.srcs\sources_1\new\DispNum.v:]
WARNING: [filemgmt 56-199] Attempt to get parsing info during refresh. "On-the-fly" syntax checking information may be incorrect. [C:\Users\csy\Desktop\Study\Logic2024\tetris\tetris\tetris.srcs\sources_1\new\square_generator.v:]
WARNING: [filemgmt 56-199] Attempt to get parsing info during refresh. "On-the-fly" syntax checking information may be incorrect. [C:\Users\csy\Desktop\Study\Logic2024\tetris\tetris\tetris.srcs\sources_1\new\top.v:]
WARNING: [filemgmt 56-199] Attempt to get parsing info during refresh. "On-the-fly" syntax checking information may be incorrect. [C:\Users\csy\Desktop\Study\Logic2024\tetris\tetris\tetris.srcs\sources_1\new\Enabler.v:]
ERROR: [Common 17-180] Spawn failed: No error
WARNING: [filemgmt 56-199] Attempt to get parsing info during refresh. "On-the-fly" syntax checking information may be incorrect. [C:\Users\csy\Desktop\Study\Logic2024\tetris\tetris\tetris.srcs\sources_1\new\DispNum.v:]
WARNING: [filemgmt 56-199] Attempt to get parsing info during refresh. "On-the-fly" syntax checking information may be incorrect. [C:\Users\csy\Desktop\Study\Logic2024\tetris\tetris\tetris.srcs\sources_1\new\square_generator.v:]
WARNING: [filemgmt 56-199] Attempt to get parsing info during refresh. "On-the-fly" syntax checking information may be incorrect. [C:\Users\csy\Desktop\Study\Logic2024\tetris\tetris\tetris.srcs\sources_1\new\top.v:]
WARNING: [filemgmt 56-199] Attempt to get parsing info during refresh. "On-the-fly" syntax checking information may be incorrect. [C:\Users\csy\Desktop\Study\Logic2024\tetris\tetris\tetris.srcs\sources_1\new\Enabler.v:]
ERROR: [Common 17-180] Spawn failed: No error
WARNING: [filemgmt 56-199] Attempt to get parsing info during refresh. "On-the-fly" syntax checking information may be incorrect. [C:\Users\csy\Desktop\Study\Logic2024\tetris\tetris\tetris.srcs\sources_1\new\DispNum.v:]
WARNING: [filemgmt 56-199] Attempt to get parsing info during refresh. "On-the-fly" syntax checking information may be incorrect. [C:\Users\csy\Desktop\Study\Logic2024\tetris\tetris\tetris.srcs\sources_1\new\square_generator.v:]
WARNING: [filemgmt 56-199] Attempt to get parsing info during refresh. "On-the-fly" syntax checking information may be incorrect. [C:\Users\csy\Desktop\Study\Logic2024\tetris\tetris\tetris.srcs\sources_1\new\top.v:]
WARNING: [filemgmt 56-199] Attempt to get parsing info during refresh. "On-the-fly" syntax checking information may be incorrect. [C:\Users\csy\Desktop\Study\Logic2024\tetris\tetris\tetris.srcs\sources_1\new\Enabler.v:]
WARNING: [filemgmt 56-199] Attempt to get parsing info during refresh. "On-the-fly" syntax checking information may be incorrect. [C:\Users\csy\Desktop\Study\Logic2024\tetris\tetris\tetris.srcs\sources_1\new\DispNum.v:]
WARNING: [filemgmt 56-199] Attempt to get parsing info during refresh. "On-the-fly" syntax checking information may be incorrect. [C:\Users\csy\Desktop\Study\Logic2024\tetris\tetris\tetris.srcs\sources_1\new\square_generator.v:]
WARNING: [filemgmt 56-199] Attempt to get parsing info during refresh. "On-the-fly" syntax checking information may be incorrect. [C:\Users\csy\Desktop\Study\Logic2024\tetris\tetris\tetris.srcs\sources_1\new\top.v:]
WARNING: [filemgmt 56-199] Attempt to get parsing info during refresh. "On-the-fly" syntax checking information may be incorrect. [C:\Users\csy\Desktop\Study\Logic2024\tetris\tetris\tetris.srcs\sources_1\new\Enabler.v:]
ERROR: [Common 17-180] Spawn failed: No error
ERROR: [Common 17-180] Spawn failed: No error
WARNING: [filemgmt 56-199] Attempt to get parsing info during refresh. "On-the-fly" syntax checking information may be incorrect. [C:\Users\csy\Desktop\Study\Logic2024\tetris\tetris\tetris.srcs\sources_1\new\DispNum.v:]
WARNING: [filemgmt 56-199] Attempt to get parsing info during refresh. "On-the-fly" syntax checking information may be incorrect. [C:\Users\csy\Desktop\Study\Logic2024\tetris\tetris\tetris.srcs\sources_1\new\square_generator.v:]
WARNING: [filemgmt 56-199] Attempt to get parsing info during refresh. "On-the-fly" syntax checking information may be incorrect. [C:\Users\csy\Desktop\Study\Logic2024\tetris\tetris\tetris.srcs\sources_1\new\DispNum.v:]
WARNING: [filemgmt 56-199] Attempt to get parsing info during refresh. "On-the-fly" syntax checking information may be incorrect. [C:\Users\csy\Desktop\Study\Logic2024\tetris\tetris\tetris.srcs\sources_1\new\square_generator.v:]
WARNING: [filemgmt 56-199] Attempt to get parsing info during refresh. "On-the-fly" syntax checking information may be incorrect. [C:\Users\csy\Desktop\Study\Logic2024\tetris\tetris\tetris.srcs\sources_1\new\top.v:]
WARNING: [filemgmt 56-199] Attempt to get parsing info during refresh. "On-the-fly" syntax checking information may be incorrect. [C:\Users\csy\Desktop\Study\Logic2024\tetris\tetris\tetris.srcs\sources_1\new\Enabler.v:]
WARNING: [filemgmt 56-199] Attempt to get parsing info during refresh. "On-the-fly" syntax checking information may be incorrect. [C:\Users\csy\Desktop\Study\Logic2024\tetris\tetris\tetris.srcs\sources_1\new\DispNum.v:]
WARNING: [filemgmt 56-199] Attempt to get parsing info during refresh. "On-the-fly" syntax checking information may be incorrect. [C:\Users\csy\Desktop\Study\Logic2024\tetris\tetris\tetris.srcs\sources_1\new\square_generator.v:]
WARNING: [filemgmt 56-199] Attempt to get parsing info during refresh. "On-the-fly" syntax checking information may be incorrect. [C:\Users\csy\Desktop\Study\Logic2024\tetris\tetris\tetris.srcs\sources_1\new\top.v:]
WARNING: [filemgmt 56-199] Attempt to get parsing info during refresh. "On-the-fly" syntax checking information may be incorrect. [C:\Users\csy\Desktop\Study\Logic2024\tetris\tetris\tetris.srcs\sources_1\new\Enabler.v:]
ERROR: [Common 17-180] Spawn failed: No error
WARNING: [filemgmt 56-199] Attempt to get parsing info during refresh. "On-the-fly" syntax checking information may be incorrect. [C:\Users\csy\Desktop\Study\Logic2024\tetris\tetris\tetris.srcs\sources_1\new\DispNum.v:]
WARNING: [filemgmt 56-199] Attempt to get parsing info during refresh. "On-the-fly" syntax checking information may be incorrect. [C:\Users\csy\Desktop\Study\Logic2024\tetris\tetris\tetris.srcs\sources_1\new\square_generator.v:]
WARNING: [filemgmt 56-199] Attempt to get parsing info during refresh. "On-the-fly" syntax checking information may be incorrect. [C:\Users\csy\Desktop\Study\Logic2024\tetris\tetris\tetris.srcs\sources_1\new\top.v:]
WARNING: [filemgmt 56-199] Attempt to get parsing info during refresh. "On-the-fly" syntax checking information may be incorrect. [C:\Users\csy\Desktop\Study\Logic2024\tetris\tetris\tetris.srcs\sources_1\new\Enabler.v:]
ERROR: [Common 17-180] Spawn failed: No error
WARNING: [filemgmt 56-199] Attempt to get parsing info during refresh. "On-the-fly" syntax checking information may be incorrect. [C:\Users\csy\Desktop\Study\Logic2024\tetris\tetris\tetris.srcs\sources_1\new\DispNum.v:]
WARNING: [filemgmt 56-199] Attempt to get parsing info during refresh. "On-the-fly" syntax checking information may be incorrect. [C:\Users\csy\Desktop\Study\Logic2024\tetris\tetris\tetris.srcs\sources_1\new\square_generator.v:]
WARNING: [filemgmt 56-199] Attempt to get parsing info during refresh. "On-the-fly" syntax checking information may be incorrect. [C:\Users\csy\Desktop\Study\Logic2024\tetris\tetris\tetris.srcs\sources_1\new\top.v:]
WARNING: [filemgmt 56-199] Attempt to get parsing info during refresh. "On-the-fly" syntax checking information may be incorrect. [C:\Users\csy\Desktop\Study\Logic2024\tetris\tetris\tetris.srcs\sources_1\new\Enabler.v:]
ERROR: [Common 17-180] Spawn failed: No error
WARNING: [filemgmt 56-199] Attempt to get parsing info during refresh. "On-the-fly" syntax checking information may be incorrect. [C:\Users\csy\Desktop\Study\Logic2024\tetris\tetris\tetris.srcs\sources_1\new\DispNum.v:]
WARNING: [filemgmt 56-199] Attempt to get parsing info during refresh. "On-the-fly" syntax checking information may be incorrect. [C:\Users\csy\Desktop\Study\Logic2024\tetris\tetris\tetris.srcs\sources_1\new\square_generator.v:]
WARNING: [filemgmt 56-199] Attempt to get parsing info during refresh. "On-the-fly" syntax checking information may be incorrect. [C:\Users\csy\Desktop\Study\Logic2024\tetris\tetris\tetris.srcs\sources_1\new\top.v:]
WARNING: [filemgmt 56-199] Attempt to get parsing info during refresh. "On-the-fly" syntax checking information may be incorrect. [C:\Users\csy\Desktop\Study\Logic2024\tetris\tetris\tetris.srcs\sources_1\new\Enabler.v:]
WARNING: [filemgmt 56-199] Attempt to get parsing info during refresh. "On-the-fly" syntax checking information may be incorrect. [C:\Users\csy\Desktop\Study\Logic2024\tetris\tetris\tetris.srcs\sources_1\new\DispNum.v:]
WARNING: [filemgmt 56-199] Attempt to get parsing info during refresh. "On-the-fly" syntax checking information may be incorrect. [C:\Users\csy\Desktop\Study\Logic2024\tetris\tetris\tetris.srcs\sources_1\new\square_generator.v:]
WARNING: [filemgmt 56-199] Attempt to get parsing info during refresh. "On-the-fly" syntax checking information may be incorrect. [C:\Users\csy\Desktop\Study\Logic2024\tetris\tetris\tetris.srcs\sources_1\new\top.v:]
WARNING: [filemgmt 56-199] Attempt to get parsing info during refresh. "On-the-fly" syntax checking information may be incorrect. [C:\Users\csy\Desktop\Study\Logic2024\tetris\tetris\tetris.srcs\sources_1\new\Enabler.v:]
ERROR: [Common 17-180] Spawn failed: No error
WARNING: [filemgmt 56-199] Attempt to get parsing info during refresh. "On-the-fly" syntax checking information may be incorrect. [C:\Users\csy\Desktop\Study\Logic2024\tetris\tetris\tetris.srcs\sources_1\new\DispNum.v:]
WARNING: [filemgmt 56-199] Attempt to get parsing info during refresh. "On-the-fly" syntax checking information may be incorrect. [C:\Users\csy\Desktop\Study\Logic2024\tetris\tetris\tetris.srcs\sources_1\new\square_generator.v:]
WARNING: [filemgmt 56-199] Attempt to get parsing info during refresh. "On-the-fly" syntax checking information may be incorrect. [C:\Users\csy\Desktop\Study\Logic2024\tetris\tetris\tetris.srcs\sources_1\new\top.v:]
WARNING: [filemgmt 56-199] Attempt to get parsing info during refresh. "On-the-fly" syntax checking information may be incorrect. [C:\Users\csy\Desktop\Study\Logic2024\tetris\tetris\tetris.srcs\sources_1\new\Enabler.v:]
ERROR: [Common 17-180] Spawn failed: No error
update_compile_order -fileset sources_1
WARNING: [filemgmt 56-199] Attempt to get parsing info during refresh. "On-the-fly" syntax checking information may be incorrect. [C:\Users\csy\Desktop\Study\Logic2024\tetris\tetris\tetris.srcs\sources_1\new\DispNum.v:]
WARNING: [filemgmt 56-199] Attempt to get parsing info during refresh. "On-the-fly" syntax checking information may be incorrect. [C:\Users\csy\Desktop\Study\Logic2024\tetris\tetris\tetris.srcs\sources_1\new\square_generator.v:]
WARNING: [filemgmt 56-199] Attempt to get parsing info during refresh. "On-the-fly" syntax checking information may be incorrect. [C:\Users\csy\Desktop\Study\Logic2024\tetris\tetris\tetris.srcs\sources_1\new\top.v:]
WARNING: [filemgmt 56-199] Attempt to get parsing info during refresh. "On-the-fly" syntax checking information may be incorrect. [C:\Users\csy\Desktop\Study\Logic2024\tetris\tetris\tetris.srcs\sources_1\new\Enabler.v:]
WARNING: [filemgmt 56-199] Attempt to get parsing info during refresh. "On-the-fly" syntax checking information may be incorrect. [C:\Users\csy\Desktop\Study\Logic2024\tetris\tetris\tetris.srcs\sources_1\new\game.v:]
WARNING: [filemgmt 56-199] Attempt to get parsing info during refresh. "On-the-fly" syntax checking information may be incorrect. [C:\Users\csy\Desktop\Study\Logic2024\tetris\tetris\tetris.srcs\sources_1\new\DispNum.v:]
WARNING: [filemgmt 56-199] Attempt to get parsing info during refresh. "On-the-fly" syntax checking information may be incorrect. [C:\Users\csy\Desktop\Study\Logic2024\tetris\tetris\tetris.srcs\sources_1\new\square_generator.v:]
WARNING: [filemgmt 56-199] Attempt to get parsing info during refresh. "On-the-fly" syntax checking information may be incorrect. [C:\Users\csy\Desktop\Study\Logic2024\tetris\tetris\tetris.srcs\sources_1\new\top.v:]
WARNING: [filemgmt 56-199] Attempt to get parsing info during refresh. "On-the-fly" syntax checking information may be incorrect. [C:\Users\csy\Desktop\Study\Logic2024\tetris\tetris\tetris.srcs\sources_1\new\Enabler.v:]
WARNING: [filemgmt 56-199] Attempt to get parsing info during refresh. "On-the-fly" syntax checking information may be incorrect. [C:\Users\csy\Desktop\Study\Logic2024\tetris\tetris\tetris.srcs\sources_1\new\game.v:]
WARNING: [filemgmt 56-199] Attempt to get parsing info during refresh. "On-the-fly" syntax checking information may be incorrect. [C:\Users\csy\Desktop\Study\Logic2024\tetris\tetris\tetris.srcs\sources_1\new\DispNum.v:]
WARNING: [filemgmt 56-199] Attempt to get parsing info during refresh. "On-the-fly" syntax checking information may be incorrect. [C:\Users\csy\Desktop\Study\Logic2024\tetris\tetris\tetris.srcs\sources_1\new\square_generator.v:]
WARNING: [filemgmt 56-199] Attempt to get parsing info during refresh. "On-the-fly" syntax checking information may be incorrect. [C:\Users\csy\Desktop\Study\Logic2024\tetris\tetris\tetris.srcs\sources_1\new\top.v:]
WARNING: [filemgmt 56-199] Attempt to get parsing info during refresh. "On-the-fly" syntax checking information may be incorrect. [C:\Users\csy\Desktop\Study\Logic2024\tetris\tetris\tetris.srcs\sources_1\new\Enabler.v:]
WARNING: [filemgmt 56-199] Attempt to get parsing info during refresh. "On-the-fly" syntax checking information may be incorrect. [C:\Users\csy\Desktop\Study\Logic2024\tetris\tetris\tetris.srcs\sources_1\new\game.v:]
ERROR: [Common 17-180] Spawn failed: No error
WARNING: [filemgmt 56-199] Attempt to get parsing info during refresh. "On-the-fly" syntax checking information may be incorrect. [C:\Users\csy\Desktop\Study\Logic2024\tetris\tetris\tetris.srcs\sources_1\new\DispNum.v:]
WARNING: [filemgmt 56-199] Attempt to get parsing info during refresh. "On-the-fly" syntax checking information may be incorrect. [C:\Users\csy\Desktop\Study\Logic2024\tetris\tetris\tetris.srcs\sources_1\new\square_generator.v:]
WARNING: [filemgmt 56-199] Attempt to get parsing info during refresh. "On-the-fly" syntax checking information may be incorrect. [C:\Users\csy\Desktop\Study\Logic2024\tetris\tetris\tetris.srcs\sources_1\new\top.v:]
WARNING: [filemgmt 56-199] Attempt to get parsing info during refresh. "On-the-fly" syntax checking information may be incorrect. [C:\Users\csy\Desktop\Study\Logic2024\tetris\tetris\tetris.srcs\sources_1\new\Enabler.v:]
WARNING: [filemgmt 56-199] Attempt to get parsing info during refresh. "On-the-fly" syntax checking information may be incorrect. [C:\Users\csy\Desktop\Study\Logic2024\tetris\tetris\tetris.srcs\sources_1\new\game.v:]
ERROR: [Common 17-180] Spawn failed: No error
exit
INFO: [Common 17-206] Exiting Vivado at Sun May 26 15:48:08 2024...
